Sat May 23 23:02:06 2015 - *** Starting uWSGI 2.0.9 (64bit) on [Sat May 23 23:02:06 2015] ***
Sat May 23 23:02:06 2015 - compiled with version: 4.8.2 on 23 May 2015 23:01:19
Sat May 23 23:02:06 2015 - os: Linux-3.13.0-32-generic #57-Ubuntu SMP Tue Jul 15 03:51:08 UTC 2014
Sat May 23 23:02:06 2015 - nodename: qingniao
Sat May 23 23:02:06 2015 - machine: x86_64
Sat May 23 23:02:06 2015 - clock source: unix
Sat May 23 23:02:06 2015 - detected number of CPU cores: 1
Sat May 23 23:02:06 2015 - current working directory: /home/yu/develop/wechat/wechat-js-sdk-demo
Sat May 23 23:02:06 2015 - writing pidfile to ./wechat.pid
Sat May 23 23:02:06 2015 - detected binary path: /home/yu/develop/wechat/bin/uwsgi
Sat May 23 23:02:06 2015 - !!! no internal routing support, rebuild with pcre support !!!
Sat May 23 23:02:06 2015 - chdir() to /home/yu/develop/wechat/wechat-js-sdk-demo
Sat May 23 23:02:06 2015 - your processes number limit is 7770
Sat May 23 23:02:06 2015 - your memory page size is 4096 bytes
Sat May 23 23:02:06 2015 -  *** WARNING: you have enabled harakiri without post buffering. Slow upload could be rejected on post-unbuffered webservers *** 
Sat May 23 23:02:06 2015 - detected max file descriptor number: 65535
Sat May 23 23:02:06 2015 - lock engine: pthread robust mutexes
Sat May 23 23:02:06 2015 - thunder lock: disabled (you can enable it with --thunder-lock)
Sat May 23 23:02:06 2015 - uwsgi socket 0 bound to TCP address :9003 fd 3
Sat May 23 23:02:06 2015 - Python version: 2.7.6 (default, Mar 22 2014, 23:03:41)  [GCC 4.8.2]
Sat May 23 23:02:06 2015 - Set PythonHome to ../
Sat May 23 23:02:06 2015 - Python main interpreter initialized at 0x1fb9990
Sat May 23 23:02:06 2015 - python threads support enabled
Sat May 23 23:02:06 2015 - your server socket listen backlog is limited to 100 connections
Sat May 23 23:02:06 2015 - your mercy for graceful operations on workers is 60 seconds
Sat May 23 23:02:06 2015 - mapped 218280 bytes (213 KB) for 2 cores
Sat May 23 23:02:06 2015 - *** Operational MODE: preforking ***
Sat May 23 23:02:06 2015 - added .// to pythonpath.
Sat May 23 23:02:06 2015 - unable to load app 0 (mountpoint='') (callable not found or import error)
Sat May 23 23:02:06 2015 - *** no app loaded. going in full dynamic mode ***
Sat May 23 23:02:06 2015 - spawned uWSGI master process (pid: 19713)
Sat May 23 23:02:06 2015 - spawned uWSGI worker 1 (pid: 19714, cores: 1)
Sat May 23 23:02:06 2015 - spawned uWSGI worker 2 (pid: 19715, cores: 1)
